<?xml version="1.0" encoding="UTF-8"?>
<!-- Generated by org.testng.reporters.JUnitXMLReporter -->
<testsuite ignored="3" hostname="LAPTOP-EDNCN82O" failures="1" tests="3" name="Test" time="7.398" errors="0" timestamp="2023-07-28T03:26:35 IST">
  <testcase classname="com.assignment2.GenerateExtentReport" name="enterNameAndGender" time="0.27">
    <failure type="java.lang.AssertionError" message="Test case intentionally failed to display screenshot">
      <![CDATA[java.lang.AssertionError: Test case intentionally failed to display screenshot
at com.assignment2.GenerateExtentReport.enterNameAndGender(GenerateExtentReport.java:106)
at java.base/java.util.ArrayList.forEach(ArrayList.java:1511)
... Removed 28 stack frames]]>
    </failure>
  </testcase> <!-- enterNameAndGender -->
  <testcase classname="com.assignment2.GenerateExtentReport" name="enterAddress" time="0.911"/>
  <testcase classname="com.assignment2.GenerateExtentReport" name="submitForm" time="0.152"/>
  <testcase classname="com.assignment2.GenerateExtentReport" name="enterContactDetails" time="0.0">
    <ignored/>
  </testcase> <!-- enterContactDetails -->
  <testcase classname="com.assignment2.GenerateExtentReport" name="selectConvenientTimeAndCourses" time="0.0">
    <ignored/>
  </testcase> <!-- selectConvenientTimeAndCourses -->
  <testcase classname="com.assignment2.GenerateExtentReport" name="enterQuery" time="0.0">
    <ignored/>
  </testcase> <!-- enterQuery -->
</testsuite> <!-- Test -->
