<?xml version="1.0" encoding="UTF-8"?>
<!-- Generated by org.testng.reporters.JUnitXMLReporter -->
<testsuite ignored="4" hostname="LAPTOP-EDNCN82O" failures="2" tests="2" name="myTest" time="0.059" errors="0" timestamp="2023-07-28T02:15:22 IST">
  <testcase classname="com.assignment1.AutomateForm" name="enterNameAndGender" time="0.013">
    <failure type="java.lang.NullPointerException" message="Cannot invoke &amp;quot;org.openqa.selenium.WebDriver.findElement(org.openqa.selenium.By)&amp;quot; because &amp;quot;this.driver&amp;quot; is null">
      <![CDATA[java.lang.NullPointerException: Cannot invoke "org.openqa.selenium.WebDriver.findElement(org.openqa.selenium.By)" because "this.driver" is null
at com.assignment1.AutomateForm.enterNameAndGender(AutomateForm.java:71)
at java.base/java.util.ArrayList.forEach(ArrayList.java:1511)
... Removed 27 stack frames]]>
    </failure>
  </testcase> <!-- enterNameAndGender -->
  <testcase classname="com.assignment1.AutomateForm" name="enterAddress" time="0.001">
    <failure type="java.lang.NullPointerException" message="Cannot invoke &amp;quot;org.openqa.selenium.WebDriver.findElement(org.openqa.selenium.By)&amp;quot; because &amp;quot;this.driver&amp;quot; is null">
      <![CDATA[java.lang.NullPointerException: Cannot invoke "org.openqa.selenium.WebDriver.findElement(org.openqa.selenium.By)" because "this.driver" is null
at com.assignment1.AutomateForm.enterAddress(AutomateForm.java:90)
at java.base/java.util.ArrayList.forEach(ArrayList.java:1511)
... Removed 27 stack frames]]>
    </failure>
  </testcase> <!-- enterAddress -->
  <testcase classname="com.assignment1.AutomateForm" name="enterQuery" time="0.0">
    <ignored/>
  </testcase> <!-- enterQuery -->
  <testcase classname="com.assignment1.AutomateForm" name="submitForm" time="0.0">
    <ignored/>
  </testcase> <!-- submitForm -->
  <testcase classname="com.assignment1.AutomateForm" name="enterContactDetails" time="0.0">
    <ignored/>
  </testcase> <!-- enterContactDetails -->
  <testcase classname="com.assignment1.AutomateForm" name="selectConvenientTimeAndCourses" time="0.0">
    <ignored/>
  </testcase> <!-- selectConvenientTimeAndCourses -->
</testsuite> <!-- myTest -->
